checking build system type... x86_64-pc-linux-gnu
checking host system type... x86_64-pc-linux-gnu
checking for a BSD-compatible install... /usr/bin/install -c
checking whether build environment is sane... yes
checking for a race-free mkdir -p... /usr/bin/mkdir -p
checking for gawk... no
checking for mawk... mawk
checking whether make sets $(MAKE)... yes
checking whether make supports nested variables... yes
checking whether to enable maintainer-specific portions of Makefiles... yes
checking whether make supports nested variables... (cached) yes
checking for gcc... clang
checking whether the C compiler works... yes
checking for C compiler default output file name... a.out
checking for suffix of executables... 
checking whether we are cross compiling... no
checking for suffix of object files... o
checking whether the compiler supports GNU C... yes
checking whether clang accepts -g... yes
checking for clang option to enable C11 features... none needed
checking whether clang understands -c and -o together... yes
checking whether make supports the include directive... yes (GNU style)
checking dependency style of clang... gcc3
checking whether ln -s works... yes
checking for tar... /usr/bin/tar
checking for perl... /usr/bin/perl
checking for wget... /usr/bin/wget
checking for xsltproc... /usr/bin/xsltproc
checking for pkg-config... /usr/bin/pkg-config
checking pkg-config is at least version 0.9.0... yes
checking how to print strings... printf
checking for a sed that does not truncate output... /usr/bin/sed
checking for grep that handles long lines and -e... /usr/bin/grep
checking for egrep... /usr/bin/grep -E
checking for fgrep... /usr/bin/grep -F
checking for ld used by clang... /usr/bin/ld
checking if the linker (/usr/bin/ld) is GNU ld... yes
checking for BSD- or MS-compatible name lister (nm)... /usr/bin/nm -B
checking the name lister (/usr/bin/nm -B) interface... BSD nm
checking the maximum length of command line arguments... 1572864
checking how to convert x86_64-pc-linux-gnu file names to x86_64-pc-linux-gnu format... func_convert_file_noop
checking how to convert x86_64-pc-linux-gnu file names to toolchain format... func_convert_file_noop
checking for /usr/bin/ld option to reload object files... -r
checking for objdump... objdump
checking how to recognize dependent libraries... pass_all
checking for dlltool... no
checking how to associate runtime and link libraries... printf %s\n
checking for ar... ar
checking for archiver @FILE support... @
checking for strip... strip
checking for ranlib... ranlib
checking command to parse /usr/bin/nm -B output from clang object... ok
checking for sysroot... no
checking for a working dd... /usr/bin/dd
checking how to truncate binary pipes... /usr/bin/dd bs=4096 count=1
checking for mt... mt
checking if mt is a manifest tool... no
checking for stdio.h... yes
checking for stdlib.h... yes
checking for string.h... yes
checking for inttypes.h... yes
checking for stdint.h... yes
checking for strings.h... yes
checking for sys/stat.h... yes
checking for sys/types.h... yes
checking for unistd.h... yes
checking for dlfcn.h... yes
checking for objdir... .libs
checking if clang supports -fno-rtti -fno-exceptions... yes
checking for clang option to produce PIC... -fPIC -DPIC
checking if clang PIC flag -fPIC -DPIC works... yes
checking if clang static flag -static works... no
checking if clang supports -c -o file.o... yes
checking if clang supports -c -o file.o... (cached) yes
checking whether the clang linker (/usr/bin/ld -m elf_x86_64) supports shared libraries... yes
checking whether -lc should be explicitly linked in... no
checking dynamic linker characteristics... GNU/Linux ld.so
checking how to hardcode library paths into programs... immediate
checking whether stripping libraries is possible... yes
checking if libtool supports shared libraries... yes
checking whether to build shared libraries... yes
checking whether to build static libraries... no
checking for cos in -lm... yes
checking for stdint.h... (cached) yes
checking for inttypes.h... (cached) yes
checking for fcntl.h... yes
checking for unistd.h... (cached) yes
checking for sys/stat.h... (cached) yes
checking for sys/mman.h... yes
checking for sys/socket.h... yes
checking for netinet/in.h... yes
checking for arpa/inet.h... yes
checking for netdb.h... yes
checking for sys/select.h... yes
checking for poll.h... yes
checking for sys/time.h... yes
checking for sys/timeb.h... yes
checking for dl.h... no
checking for dlfcn.h... (cached) yes
checking for glob.h... yes
checking for uint32_t... yes
checking for snprintf... yes
checking for vsnprintf... yes
checking for gettimeofday... yes
checking for ftime... yes
checking for stat... yes
checking for rand_r... yes
checking for isascii... yes
checking for mmap... yes
checking for munmap... yes
checking for putenv... yes
checking for va_copy... yes
checking whether va_list is an array type... yes
checking for library containing gethostbyname... none required
checking for library containing connect... none required
checking for type of socket length (socklen_t)... socklen_t *
checking whether to enable IPv6... yes
checking whether __attribute__((destructor)) is accepted... yes
checking for python... /usr/bin/python
checking for python version... 3.10
checking for python platform... linux
checking for GNU default python prefix... ${prefix}
checking for GNU default python exec_prefix... ${exec_prefix}
checking for python script directory (pythondir)... ${PYTHON_PREFIX}/lib/python3.10/site-packages
checking for python extension module directory (pyexecdir)... ${PYTHON_EXEC_PREFIX}/lib/python3.10/site-packages
checking for python-3.10... yes
checking for library containing dlopen... none required
checking for pthread.h... yes
checking for library containing pthread_join... none required
checking for zlib... yes
checking for liblzma... yes
checking for iconv.h... yes
checking for library containing iconv... none required
Disabling ICU support
Disabling code coverage for GCC
checking that generated files are newer than configure... done
configure: creating ./config.status
config.status: creating Makefile
config.status: creating include/Makefile
config.status: creating include/libxml/Makefile
config.status: creating include/private/Makefile
config.status: creating doc/Makefile
config.status: creating doc/examples/Makefile
config.status: creating doc/devhelp/Makefile
config.status: creating example/Makefile
config.status: creating fuzz/Makefile
config.status: creating python/Makefile
config.status: creating python/tests/Makefile
config.status: creating xstc/Makefile
config.status: creating include/libxml/xmlversion.h
config.status: creating libxml-2.0.pc
config.status: creating libxml-2.0-uninstalled.pc
config.status: creating libxml2-config.cmake
config.status: creating python/setup.py
config.status: creating xml2-config
config.status: creating config.h
config.status: config.h is unchanged
config.status: executing depfiles commands
config.status: executing libtool commands
Done configuring
make[1]: Entering directory '/home/roman/git/libxml2/work'
make  all-recursive
make[2]: Entering directory '/home/roman/git/libxml2/work'
Making all in include
make[3]: Entering directory '/home/roman/git/libxml2/work/include'
Making all in libxml
make[4]: Entering directory '/home/roman/git/libxml2/work/include/libxml'
make[4]: Nothing to be done for 'all'.
make[4]: Leaving directory '/home/roman/git/libxml2/work/include/libxml'
Making all in private
make[4]: Entering directory '/home/roman/git/libxml2/work/include/private'
make[4]: Nothing to be done for 'all'.
make[4]: Leaving directory '/home/roman/git/libxml2/work/include/private'
make[4]: Entering directory '/home/roman/git/libxml2/work/include'
make[4]: Nothing to be done for 'all-am'.
make[4]: Leaving directory '/home/roman/git/libxml2/work/include'
make[3]: Leaving directory '/home/roman/git/libxml2/work/include'
Making all in .
make[3]: Entering directory '/home/roman/git/libxml2/work'
clang -DHAVE_CONFIG_H -I.  -I./include -I./include -DSYSCONFDIR='"/home/roman/git/libxml2/../_/etc"'  -pedantic -Wall -Wextra -Wshadow -Wpointer-arith -Wcast-align -Wwrite-strings -Waggregate-return -Wstrict-prototypes -Wmissing-prototypes -Wnested-externs -Winline -Wno-long-long -Wno-format-extra-args  -g -Og -fno-omit-frame-pointer -DFUZZING_BUILD_MODE_UNSAFE_FOR_PRODUCTION -UNDEBUG -fsanitize=fuzzer-no-link -fsanitize=address,undefined -fsanitize-recover=address -fsanitize-address-use-after-scope -U_FORTIFY_SOURCE -MT xmllint-xmllint.o -MD -MP -MF .deps/xmllint-xmllint.Tpo -c -o xmllint-xmllint.o `test -f 'xmllint.c' || echo './'`xmllint.c
mv -f .deps/xmllint-xmllint.Tpo .deps/xmllint-xmllint.Po
/bin/bash ./libtool  --tag=CC   --mode=compile clang -DHAVE_CONFIG_H -I.  -I./include -I./include -DSYSCONFDIR='"/home/roman/git/libxml2/../_/etc"'  -pedantic -Wall -Wextra -Wshadow -Wpointer-arith -Wcast-align -Wwrite-strings -Waggregate-return -Wstrict-prototypes -Wmissing-prototypes -Wnested-externs -Winline -Wno-long-long -Wno-format-extra-args -D_REENTRANT   -g -Og -fno-omit-frame-pointer -DFUZZING_BUILD_MODE_UNSAFE_FOR_PRODUCTION -UNDEBUG -fsanitize=fuzzer-no-link -fsanitize=address,undefined -fsanitize-recover=address -fsanitize-address-use-after-scope -U_FORTIFY_SOURCE -MT libxml2_la-buf.lo -MD -MP -MF .deps/libxml2_la-buf.Tpo -c -o libxml2_la-buf.lo `test -f 'buf.c' || echo './'`buf.c
libtool: compile:  clang -DHAVE_CONFIG_H -I. -I./include -I./include -DSYSCONFDIR=\"/home/roman/git/libxml2/../_/etc\" -pedantic -Wall -Wextra -Wshadow -Wpointer-arith -Wcast-align -Wwrite-strings -Waggregate-return -Wstrict-prototypes -Wmissing-prototypes -Wnested-externs -Winline -Wno-long-long -Wno-format-extra-args -D_REENTRANT -g -Og -fno-omit-frame-pointer -DFUZZING_BUILD_MODE_UNSAFE_FOR_PRODUCTION -UNDEBUG -fsanitize=fuzzer-no-link -fsanitize=address,undefined -fsanitize-recover=address -fsanitize-address-use-after-scope -U_FORTIFY_SOURCE -MT libxml2_la-buf.lo -MD -MP -MF .deps/libxml2_la-buf.Tpo -c buf.c  -fPIC -DPIC -o .libs/libxml2_la-buf.o
mv -f .deps/libxml2_la-buf.Tpo .deps/libxml2_la-buf.Plo
/bin/bash ./libtool  --tag=CC   --mode=compile clang -DHAVE_CONFIG_H -I.  -I./include -I./include -DSYSCONFDIR='"/home/roman/git/libxml2/../_/etc"'  -pedantic -Wall -Wextra -Wshadow -Wpointer-arith -Wcast-align -Wwrite-strings -Waggregate-return -Wstrict-prototypes -Wmissing-prototypes -Wnested-externs -Winline -Wno-long-long -Wno-format-extra-args -D_REENTRANT   -g -Og -fno-omit-frame-pointer -DFUZZING_BUILD_MODE_UNSAFE_FOR_PRODUCTION -UNDEBUG -fsanitize=fuzzer-no-link -fsanitize=address,undefined -fsanitize-recover=address -fsanitize-address-use-after-scope -U_FORTIFY_SOURCE -MT libxml2_la-chvalid.lo -MD -MP -MF .deps/libxml2_la-chvalid.Tpo -c -o libxml2_la-chvalid.lo `test -f 'chvalid.c' || echo './'`chvalid.c
libtool: compile:  clang -DHAVE_CONFIG_H -I. -I./include -I./include -DSYSCONFDIR=\"/home/roman/git/libxml2/../_/etc\" -pedantic -Wall -Wextra -Wshadow -Wpointer-arith -Wcast-align -Wwrite-strings -Waggregate-return -Wstrict-prototypes -Wmissing-prototypes -Wnested-externs -Winline -Wno-long-long -Wno-format-extra-args -D_REENTRANT -g -Og -fno-omit-frame-pointer -DFUZZING_BUILD_MODE_UNSAFE_FOR_PRODUCTION -UNDEBUG -fsanitize=fuzzer-no-link -fsanitize=address,undefined -fsanitize-recover=address -fsanitize-address-use-after-scope -U_FORTIFY_SOURCE -MT libxml2_la-chvalid.lo -MD -MP -MF .deps/libxml2_la-chvalid.Tpo -c chvalid.c  -fPIC -DPIC -o .libs/libxml2_la-chvalid.o
mv -f .deps/libxml2_la-chvalid.Tpo .deps/libxml2_la-chvalid.Plo
/bin/bash ./libtool  --tag=CC   --mode=compile clang -DHAVE_CONFIG_H -I.  -I./include -I./include -DSYSCONFDIR='"/home/roman/git/libxml2/../_/etc"'  -pedantic -Wall -Wextra -Wshadow -Wpointer-arith -Wcast-align -Wwrite-strings -Waggregate-return -Wstrict-prototypes -Wmissing-prototypes -Wnested-externs -Winline -Wno-long-long -Wno-format-extra-args -D_REENTRANT   -g -Og -fno-omit-frame-pointer -DFUZZING_BUILD_MODE_UNSAFE_FOR_PRODUCTION -UNDEBUG -fsanitize=fuzzer-no-link -fsanitize=address,undefined -fsanitize-recover=address -fsanitize-address-use-after-scope -U_FORTIFY_SOURCE -MT libxml2_la-dict.lo -MD -MP -MF .deps/libxml2_la-dict.Tpo -c -o libxml2_la-dict.lo `test -f 'dict.c' || echo './'`dict.c
libtool: compile:  clang -DHAVE_CONFIG_H -I. -I./include -I./include -DSYSCONFDIR=\"/home/roman/git/libxml2/../_/etc\" -pedantic -Wall -Wextra -Wshadow -Wpointer-arith -Wcast-align -Wwrite-strings -Waggregate-return -Wstrict-prototypes -Wmissing-prototypes -Wnested-externs -Winline -Wno-long-long -Wno-format-extra-args -D_REENTRANT -g -Og -fno-omit-frame-pointer -DFUZZING_BUILD_MODE_UNSAFE_FOR_PRODUCTION -UNDEBUG -fsanitize=fuzzer-no-link -fsanitize=address,undefined -fsanitize-recover=address -fsanitize-address-use-after-scope -U_FORTIFY_SOURCE -MT libxml2_la-dict.lo -MD -MP -MF .deps/libxml2_la-dict.Tpo -c dict.c  -fPIC -DPIC -o .libs/libxml2_la-dict.o
mv -f .deps/libxml2_la-dict.Tpo .deps/libxml2_la-dict.Plo
/bin/bash ./libtool  --tag=CC   --mode=compile clang -DHAVE_CONFIG_H -I.  -I./include -I./include -DSYSCONFDIR='"/home/roman/git/libxml2/../_/etc"'  -pedantic -Wall -Wextra -Wshadow -Wpointer-arith -Wcast-align -Wwrite-strings -Waggregate-return -Wstrict-prototypes -Wmissing-prototypes -Wnested-externs -Winline -Wno-long-long -Wno-format-extra-args -D_REENTRANT   -g -Og -fno-omit-frame-pointer -DFUZZING_BUILD_MODE_UNSAFE_FOR_PRODUCTION -UNDEBUG -fsanitize=fuzzer-no-link -fsanitize=address,undefined -fsanitize-recover=address -fsanitize-address-use-after-scope -U_FORTIFY_SOURCE -MT libxml2_la-entities.lo -MD -MP -MF .deps/libxml2_la-entities.Tpo -c -o libxml2_la-entities.lo `test -f 'entities.c' || echo './'`entities.c
libtool: compile:  clang -DHAVE_CONFIG_H -I. -I./include -I./include -DSYSCONFDIR=\"/home/roman/git/libxml2/../_/etc\" -pedantic -Wall -Wextra -Wshadow -Wpointer-arith -Wcast-align -Wwrite-strings -Waggregate-return -Wstrict-prototypes -Wmissing-prototypes -Wnested-externs -Winline -Wno-long-long -Wno-format-extra-args -D_REENTRANT -g -Og -fno-omit-frame-pointer -DFUZZING_BUILD_MODE_UNSAFE_FOR_PRODUCTION -UNDEBUG -fsanitize=fuzzer-no-link -fsanitize=address,undefined -fsanitize-recover=address -fsanitize-address-use-after-scope -U_FORTIFY_SOURCE -MT libxml2_la-entities.lo -MD -MP -MF .deps/libxml2_la-entities.Tpo -c entities.c  -fPIC -DPIC -o .libs/libxml2_la-entities.o
mv -f .deps/libxml2_la-entities.Tpo .deps/libxml2_la-entities.Plo
/bin/bash ./libtool  --tag=CC   --mode=compile clang -DHAVE_CONFIG_H -I.  -I./include -I./include -DSYSCONFDIR='"/home/roman/git/libxml2/../_/etc"'  -pedantic -Wall -Wextra -Wshadow -Wpointer-arith -Wcast-align -Wwrite-strings -Waggregate-return -Wstrict-prototypes -Wmissing-prototypes -Wnested-externs -Winline -Wno-long-long -Wno-format-extra-args -D_REENTRANT   -g -Og -fno-omit-frame-pointer -DFUZZING_BUILD_MODE_UNSAFE_FOR_PRODUCTION -UNDEBUG -fsanitize=fuzzer-no-link -fsanitize=address,undefined -fsanitize-recover=address -fsanitize-address-use-after-scope -U_FORTIFY_SOURCE -MT libxml2_la-encoding.lo -MD -MP -MF .deps/libxml2_la-encoding.Tpo -c -o libxml2_la-encoding.lo `test -f 'encoding.c' || echo './'`encoding.c
libtool: compile:  clang -DHAVE_CONFIG_H -I. -I./include -I./include -DSYSCONFDIR=\"/home/roman/git/libxml2/../_/etc\" -pedantic -Wall -Wextra -Wshadow -Wpointer-arith -Wcast-align -Wwrite-strings -Waggregate-return -Wstrict-prototypes -Wmissing-prototypes -Wnested-externs -Winline -Wno-long-long -Wno-format-extra-args -D_REENTRANT -g -Og -fno-omit-frame-pointer -DFUZZING_BUILD_MODE_UNSAFE_FOR_PRODUCTION -UNDEBUG -fsanitize=fuzzer-no-link -fsanitize=address,undefined -fsanitize-recover=address -fsanitize-address-use-after-scope -U_FORTIFY_SOURCE -MT libxml2_la-encoding.lo -MD -MP -MF .deps/libxml2_la-encoding.Tpo -c encoding.c  -fPIC -DPIC -o .libs/libxml2_la-encoding.o
encoding.c:509:26: warning: cast from 'const unsigned char *' to 'unsigned short *' increases required alignment from 1 to 2 [-Wcast-align]
    unsigned short* in = (unsigned short*) inb;
                         ^~~~~~~~~~~~~~~~~~~~~
encoding.c:596:27: warning: cast from 'unsigned char *' to 'unsigned short *' increases required alignment from 1 to 2 [-Wcast-align]
    unsigned short* out = (unsigned short*) outb;
                          ^~~~~~~~~~~~~~~~~~~~~~
encoding.c:752:26: warning: cast from 'const unsigned char *' to 'unsigned short *' increases required alignment from 1 to 2 [-Wcast-align]
    unsigned short* in = (unsigned short*) inb;
                         ^~~~~~~~~~~~~~~~~~~~~
encoding.c:839:27: warning: cast from 'unsigned char *' to 'unsigned short *' increases required alignment from 1 to 2 [-Wcast-align]
    unsigned short* out = (unsigned short*) outb;
                          ^~~~~~~~~~~~~~~~~~~~~~
4 warnings generated.
mv -f .deps/libxml2_la-encoding.Tpo .deps/libxml2_la-encoding.Plo
/bin/bash ./libtool  --tag=CC   --mode=compile clang -DHAVE_CONFIG_H -I.  -I./include -I./include -DSYSCONFDIR='"/home/roman/git/libxml2/../_/etc"'  -pedantic -Wall -Wextra -Wshadow -Wpointer-arith -Wcast-align -Wwrite-strings -Waggregate-return -Wstrict-prototypes -Wmissing-prototypes -Wnested-externs -Winline -Wno-long-long -Wno-format-extra-args -D_REENTRANT   -g -Og -fno-omit-frame-pointer -DFUZZING_BUILD_MODE_UNSAFE_FOR_PRODUCTION -UNDEBUG -fsanitize=fuzzer-no-link -fsanitize=address,undefined -fsanitize-recover=address -fsanitize-address-use-after-scope -U_FORTIFY_SOURCE -MT libxml2_la-error.lo -MD -MP -MF .deps/libxml2_la-error.Tpo -c -o libxml2_la-error.lo `test -f 'error.c' || echo './'`error.c
libtool: compile:  clang -DHAVE_CONFIG_H -I. -I./include -I./include -DSYSCONFDIR=\"/home/roman/git/libxml2/../_/etc\" -pedantic -Wall -Wextra -Wshadow -Wpointer-arith -Wcast-align -Wwrite-strings -Waggregate-return -Wstrict-prototypes -Wmissing-prototypes -Wnested-externs -Winline -Wno-long-long -Wno-format-extra-args -D_REENTRANT -g -Og -fno-omit-frame-pointer -DFUZZING_BUILD_MODE_UNSAFE_FOR_PRODUCTION -UNDEBUG -fsanitize=fuzzer-no-link -fsanitize=address,undefined -fsanitize-recover=address -fsanitize-address-use-after-scope -U_FORTIFY_SOURCE -MT libxml2_la-error.lo -MD -MP -MF .deps/libxml2_la-error.Tpo -c error.c  -fPIC -DPIC -o .libs/libxml2_la-error.o
mv -f .deps/libxml2_la-error.Tpo .deps/libxml2_la-error.Plo
/bin/bash ./libtool  --tag=CC   --mode=compile clang -DHAVE_CONFIG_H -I.  -I./include -I./include -DSYSCONFDIR='"/home/roman/git/libxml2/../_/etc"'  -pedantic -Wall -Wextra -Wshadow -Wpointer-arith -Wcast-align -Wwrite-strings -Waggregate-return -Wstrict-prototypes -Wmissing-prototypes -Wnested-externs -Winline -Wno-long-long -Wno-format-extra-args -D_REENTRANT   -g -Og -fno-omit-frame-pointer -DFUZZING_BUILD_MODE_UNSAFE_FOR_PRODUCTION -UNDEBUG -fsanitize=fuzzer-no-link -fsanitize=address,undefined -fsanitize-recover=address -fsanitize-address-use-after-scope -U_FORTIFY_SOURCE -MT libxml2_la-globals.lo -MD -MP -MF .deps/libxml2_la-globals.Tpo -c -o libxml2_la-globals.lo `test -f 'globals.c' || echo './'`globals.c
libtool: compile:  clang -DHAVE_CONFIG_H -I. -I./include -I./include -DSYSCONFDIR=\"/home/roman/git/libxml2/../_/etc\" -pedantic -Wall -Wextra -Wshadow -Wpointer-arith -Wcast-align -Wwrite-strings -Waggregate-return -Wstrict-prototypes -Wmissing-prototypes -Wnested-externs -Winline -Wno-long-long -Wno-format-extra-args -D_REENTRANT -g -Og -fno-omit-frame-pointer -DFUZZING_BUILD_MODE_UNSAFE_FOR_PRODUCTION -UNDEBUG -fsanitize=fuzzer-no-link -fsanitize=address,undefined -fsanitize-recover=address -fsanitize-address-use-after-scope -U_FORTIFY_SOURCE -MT libxml2_la-globals.lo -MD -MP -MF .deps/libxml2_la-globals.Tpo -c globals.c  -fPIC -DPIC -o .libs/libxml2_la-globals.o
mv -f .deps/libxml2_la-globals.Tpo .deps/libxml2_la-globals.Plo
/bin/bash ./libtool  --tag=CC   --mode=compile clang -DHAVE_CONFIG_H -I.  -I./include -I./include -DSYSCONFDIR='"/home/roman/git/libxml2/../_/etc"'  -pedantic -Wall -Wextra -Wshadow -Wpointer-arith -Wcast-align -Wwrite-strings -Waggregate-return -Wstrict-prototypes -Wmissing-prototypes -Wnested-externs -Winline -Wno-long-long -Wno-format-extra-args -D_REENTRANT   -g -Og -fno-omit-frame-pointer -DFUZZING_BUILD_MODE_UNSAFE_FOR_PRODUCTION -UNDEBUG -fsanitize=fuzzer-no-link -fsanitize=address,undefined -fsanitize-recover=address -fsanitize-address-use-after-scope -U_FORTIFY_SOURCE -MT libxml2_la-hash.lo -MD -MP -MF .deps/libxml2_la-hash.Tpo -c -o libxml2_la-hash.lo `test -f 'hash.c' || echo './'`hash.c
libtool: compile:  clang -DHAVE_CONFIG_H -I. -I./include -I./include -DSYSCONFDIR=\"/home/roman/git/libxml2/../_/etc\" -pedantic -Wall -Wextra -Wshadow -Wpointer-arith -Wcast-align -Wwrite-strings -Waggregate-return -Wstrict-prototypes -Wmissing-prototypes -Wnested-externs -Winline -Wno-long-long -Wno-format-extra-args -D_REENTRANT -g -Og -fno-omit-frame-pointer -DFUZZING_BUILD_MODE_UNSAFE_FOR_PRODUCTION -UNDEBUG -fsanitize=fuzzer-no-link -fsanitize=address,undefined -fsanitize-recover=address -fsanitize-address-use-after-scope -U_FORTIFY_SOURCE -MT libxml2_la-hash.lo -MD -MP -MF .deps/libxml2_la-hash.Tpo -c hash.c  -fPIC -DPIC -o .libs/libxml2_la-hash.o
mv -f .deps/libxml2_la-hash.Tpo .deps/libxml2_la-hash.Plo
/bin/bash ./libtool  --tag=CC   --mode=compile clang -DHAVE_CONFIG_H -I.  -I./include -I./include -DSYSCONFDIR='"/home/roman/git/libxml2/../_/etc"'  -pedantic -Wall -Wextra -Wshadow -Wpointer-arith -Wcast-align -Wwrite-strings -Waggregate-return -Wstrict-prototypes -Wmissing-prototypes -Wnested-externs -Winline -Wno-long-long -Wno-format-extra-args -D_REENTRANT   -g -Og -fno-omit-frame-pointer -DFUZZING_BUILD_MODE_UNSAFE_FOR_PRODUCTION -UNDEBUG -fsanitize=fuzzer-no-link -fsanitize=address,undefined -fsanitize-recover=address -fsanitize-address-use-after-scope -U_FORTIFY_SOURCE -MT libxml2_la-list.lo -MD -MP -MF .deps/libxml2_la-list.Tpo -c -o libxml2_la-list.lo `test -f 'list.c' || echo './'`list.c
libtool: compile:  clang -DHAVE_CONFIG_H -I. -I./include -I./include -DSYSCONFDIR=\"/home/roman/git/libxml2/../_/etc\" -pedantic -Wall -Wextra -Wshadow -Wpointer-arith -Wcast-align -Wwrite-strings -Waggregate-return -Wstrict-prototypes -Wmissing-prototypes -Wnested-externs -Winline -Wno-long-long -Wno-format-extra-args -D_REENTRANT -g -Og -fno-omit-frame-pointer -DFUZZING_BUILD_MODE_UNSAFE_FOR_PRODUCTION -UNDEBUG -fsanitize=fuzzer-no-link -fsanitize=address,undefined -fsanitize-recover=address -fsanitize-address-use-after-scope -U_FORTIFY_SOURCE -MT libxml2_la-list.lo -MD -MP -MF .deps/libxml2_la-list.Tpo -c list.c  -fPIC -DPIC -o .libs/libxml2_la-list.o
mv -f .deps/libxml2_la-list.Tpo .deps/libxml2_la-list.Plo
/bin/bash ./libtool  --tag=CC   --mode=compile clang -DHAVE_CONFIG_H -I.  -I./include -I./include -DSYSCONFDIR='"/home/roman/git/libxml2/../_/etc"'  -pedantic -Wall -Wextra -Wshadow -Wpointer-arith -Wcast-align -Wwrite-strings -Waggregate-return -Wstrict-prototypes -Wmissing-prototypes -Wnested-externs -Winline -Wno-long-long -Wno-format-extra-args -D_REENTRANT   -g -Og -fno-omit-frame-pointer -DFUZZING_BUILD_MODE_UNSAFE_FOR_PRODUCTION -UNDEBUG -fsanitize=fuzzer-no-link -fsanitize=address,undefined -fsanitize-recover=address -fsanitize-address-use-after-scope -U_FORTIFY_SOURCE -MT libxml2_la-parser.lo -MD -MP -MF .deps/libxml2_la-parser.Tpo -c -o libxml2_la-parser.lo `test -f 'parser.c' || echo './'`parser.c
libtool: compile:  clang -DHAVE_CONFIG_H -I. -I./include -I./include -DSYSCONFDIR=\"/home/roman/git/libxml2/../_/etc\" -pedantic -Wall -Wextra -Wshadow -Wpointer-arith -Wcast-align -Wwrite-strings -Waggregate-return -Wstrict-prototypes -Wmissing-prototypes -Wnested-externs -Winline -Wno-long-long -Wno-format-extra-args -D_REENTRANT -g -Og -fno-omit-frame-pointer -DFUZZING_BUILD_MODE_UNSAFE_FOR_PRODUCTION -UNDEBUG -fsanitize=fuzzer-no-link -fsanitize=address,undefined -fsanitize-recover=address -fsanitize-address-use-after-scope -U_FORTIFY_SOURCE -MT libxml2_la-parser.lo -MD -MP -MF .deps/libxml2_la-parser.Tpo -c parser.c  -fPIC -DPIC -o .libs/libxml2_la-parser.o
make[3]: *** [Makefile:1190: libxml2_la-parser.lo] Error 1
make[2]: *** [Makefile:1590: all-recursive] Interrupt
make[1]: *** [Makefile:779: all] Interrupt
